d:\working\opensource\lua\lua-5.3.3\win\win32project\liblua\debug\liblua.pdb
d:\working\opensource\lua\lua-5.3.3\win\win32project\liblua\debug\liblua.idb
d:\working\opensource\lua\lua-5.3.3\win\win32project\liblua\debug\linit.obj
d:\working\opensource\lua\lua-5.3.3\win\win32project\debug\liblua.a
d:\working\opensource\lua\lua-5.3.3\win\win32project\liblua\debug\lapi.obj
d:\working\opensource\lua\lua-5.3.3\win\win32project\liblua\debug\lauxlib.obj
d:\working\opensource\lua\lua-5.3.3\win\win32project\liblua\debug\lbaselib.obj
d:\working\opensource\lua\lua-5.3.3\win\win32project\liblua\debug\lbitlib.obj
d:\working\opensource\lua\lua-5.3.3\win\win32project\liblua\debug\lcode.obj
d:\working\opensource\lua\lua-5.3.3\win\win32project\liblua\debug\lcorolib.obj
d:\working\opensource\lua\lua-5.3.3\win\win32project\liblua\debug\lctype.obj
d:\working\opensource\lua\lua-5.3.3\win\win32project\liblua\debug\ldblib.obj
d:\working\opensource\lua\lua-5.3.3\win\win32project\liblua\debug\ldebug.obj
d:\working\opensource\lua\lua-5.3.3\win\win32project\liblua\debug\ldo.obj
d:\working\opensource\lua\lua-5.3.3\win\win32project\liblua\debug\ldump.obj
d:\working\opensource\lua\lua-5.3.3\win\win32project\liblua\debug\lfunc.obj
d:\working\opensource\lua\lua-5.3.3\win\win32project\liblua\debug\lgc.obj
d:\working\opensource\lua\lua-5.3.3\win\win32project\liblua\debug\liolib.obj
d:\working\opensource\lua\lua-5.3.3\win\win32project\liblua\debug\llex.obj
d:\working\opensource\lua\lua-5.3.3\win\win32project\liblua\debug\lmathlib.obj
d:\working\opensource\lua\lua-5.3.3\win\win32project\liblua\debug\lmem.obj
d:\working\opensource\lua\lua-5.3.3\win\win32project\liblua\debug\loadlib.obj
d:\working\opensource\lua\lua-5.3.3\win\win32project\liblua\debug\lobject.obj
d:\working\opensource\lua\lua-5.3.3\win\win32project\liblua\debug\lopcodes.obj
d:\working\opensource\lua\lua-5.3.3\win\win32project\liblua\debug\loslib.obj
d:\working\opensource\lua\lua-5.3.3\win\win32project\liblua\debug\lparser.obj
d:\working\opensource\lua\lua-5.3.3\win\win32project\liblua\debug\lstate.obj
d:\working\opensource\lua\lua-5.3.3\win\win32project\liblua\debug\lstring.obj
d:\working\opensource\lua\lua-5.3.3\win\win32project\liblua\debug\lstrlib.obj
d:\working\opensource\lua\lua-5.3.3\win\win32project\liblua\debug\ltable.obj
d:\working\opensource\lua\lua-5.3.3\win\win32project\liblua\debug\ltablib.obj
d:\working\opensource\lua\lua-5.3.3\win\win32project\liblua\debug\ltm.obj
d:\working\opensource\lua\lua-5.3.3\win\win32project\liblua\debug\lundump.obj
d:\working\opensource\lua\lua-5.3.3\win\win32project\liblua\debug\lutf8lib.obj
d:\working\opensource\lua\lua-5.3.3\win\win32project\liblua\debug\lvm.obj
d:\working\opensource\lua\lua-5.3.3\win\win32project\liblua\debug\lzio.obj
d:\working\opensource\lua\lua-5.3.3\win\win32project\debug\liblua.pdb
d:\working\opensource\lua\lua-5.3.3\win\win32project\liblua\debug\liblua.tlog\cl.command.1.tlog
d:\working\opensource\lua\lua-5.3.3\win\win32project\liblua\debug\liblua.tlog\cl.read.1.tlog
d:\working\opensource\lua\lua-5.3.3\win\win32project\liblua\debug\liblua.tlog\cl.write.1.tlog
d:\working\opensource\lua\lua-5.3.3\win\win32project\liblua\debug\liblua.tlog\lib-link.read.1.tlog
d:\working\opensource\lua\lua-5.3.3\win\win32project\liblua\debug\liblua.tlog\lib-link.write.1.tlog
d:\working\opensource\lua\lua-5.3.3\win\win32project\liblua\debug\liblua.tlog\lib.command.1.tlog
