  lua_example.c
d:\working\opensource\lua\lua-5.3.3\win\win32project\example\lua_example.c(15): warning C4005: “lua_register”: 宏重定义
  d:\working\opensource\lua\lua-5.3.3\src\lua.h(348): note: 参见“lua_register”的前一个定义
d:\working\opensource\lua\lua-5.3.3\win\win32project\example\lua_example.c(20): warning C4244: “初始化”: 从“lua_Integer”转换到“int”，可能丢失数据
d:\working\opensource\lua\lua-5.3.3\win\win32project\example\lua_example.c(21): warning C4244: “初始化”: 从“lua_Integer”转换到“int”，可能丢失数据
d:\working\opensource\lua\lua-5.3.3\win\win32project\example\lua_example.c(37): warning C4013: “getch”未定义；假设外部返回 int
d:\working\opensource\lua\lua-5.3.3\win\win32project\example\lua_example.c(37): warning C4474: printf: 格式字符串中传递的参数太多
  d:\working\opensource\lua\lua-5.3.3\win\win32project\example\lua_example.c(37): note: 占位符和其参数预计 2 可变参数，但提供的却是 3 参数
d:\working\opensource\lua\lua-5.3.3\win\win32project\example\lua_example.c(40): warning C4474: printf: 格式字符串中传递的参数太多
  d:\working\opensource\lua\lua-5.3.3\win\win32project\example\lua_example.c(40): note: 占位符和其参数预计 2 可变参数，但提供的却是 3 参数
d:\working\opensource\lua\lua-5.3.3\win\win32project\example\lua_example.c(46): warning C4244: “初始化”: 从“lua_Integer”转换到“int”，可能丢失数据
d:\working\opensource\lua\lua-5.3.3\win\win32project\example\lua_example.c(47): warning C4244: “初始化”: 从“lua_Integer”转换到“int”，可能丢失数据
d:\working\opensource\lua\lua-5.3.3\win\win32project\example\lua_example.c(58): warning C4477: “printf”: 格式字符串“%ld”需要类型“long”的参数，但可变参数 3 拥有了类型“lua_Integer”
  d:\working\opensource\lua\lua-5.3.3\win\win32project\example\lua_example.c(58): note: 请考虑在格式字符串中使用“%lld”
  d:\working\opensource\lua\lua-5.3.3\win\win32project\example\lua_example.c(58): note: 请考虑在格式字符串中使用“%I64d”
d:\working\opensource\lua\lua-5.3.3\win\win32project\example\lua_example.c(88): warning C4477: “printf”: 格式字符串“%ld”需要类型“long”的参数，但可变参数 3 拥有了类型“lua_Integer”
  d:\working\opensource\lua\lua-5.3.3\win\win32project\example\lua_example.c(88): note: 请考虑在格式字符串中使用“%lld”
  d:\working\opensource\lua\lua-5.3.3\win\win32project\example\lua_example.c(88): note: 请考虑在格式字符串中使用“%I64d”
d:\working\opensource\lua\lua-5.3.3\win\win32project\example\lua_example.c(98): warning C4477: “printf”: 格式字符串“%ld”需要类型“long”的参数，但可变参数 1 拥有了类型“lua_Integer”
  d:\working\opensource\lua\lua-5.3.3\win\win32project\example\lua_example.c(98): note: 请考虑在格式字符串中使用“%lld”
  d:\working\opensource\lua\lua-5.3.3\win\win32project\example\lua_example.c(98): note: 请考虑在格式字符串中使用“%I64d”
  example.vcxproj -> D:\working\openSource\lua\lua-5.3.3\win\Win32Project\Debug\example.exe
  example.vcxproj -> D:\working\openSource\lua\lua-5.3.3\win\Win32Project\Debug\example.pdb (Full PDB)
